# JRE version: Java(TM) SE Runtime Environment (8.0_201-b09) (build 1.8.0_201-b09)
# Java VM: Java HotSpot(TM) 64-Bit Server VM (25.201-b09 mixed mode windows-amd64 compressed oops)
Heap:
 PSYoungGen      total 76288K, used 16913K [0x000000076b400000, 0x0000000770900000, 0x00000007c0000000)
  eden space 65536K, 25% used [0x000000076b400000,0x000000076c484440,0x000000076f400000)
  from space 10752K, 0% used [0x000000076f400000,0x000000076f400000,0x000000076fe80000)
  to   space 10752K, 0% used [0x000000076fe80000,0x000000076fe80000,0x0000000770900000)
 ParOldGen       total 122880K, used 1121K [0x00000006c1c00000, 0x00000006c9400000, 0x000000076b400000)
  object space 122880K, 0% used [0x00000006c1c00000,0x00000006c1d18438,0x00000006c9400000)
 Metaspace       used 13317K, capacity 13748K, committed 13952K, reserved 1062912K
  class space    used 1957K, capacity 2085K, committed 2176K, reserved 1048576K
GC Heap History (4 events):
Event: 0.526 GC heap before
{Heap before GC invocations=1 (full 0):
 PSYoungGen      total 76288K, used 15775K [0x000000076b400000, 0x0000000770900000, 0x00000007c0000000)
  eden space 65536K, 24% used [0x000000076b400000,0x000000076c367e50,0x000000076f400000)
  from space 10752K, 0% used [0x000000076fe80000,0x000000076fe80000,0x0000000770900000)
  to   space 10752K, 0% used [0x000000076f400000,0x000000076f400000,0x000000076fe80000)
 ParOldGen       total 175104K, used 0K [0x00000006c1c00000, 0x00000006cc700000, 0x000000076b400000)
  object space 175104K, 0% used [0x00000006c1c00000,0x00000006c1c00000,0x00000006cc700000)
 Metaspace       used 7419K, capacity 7652K, committed 7680K, reserved 1060864K
  class space    used 917K, capacity 997K, committed 1024K, reserved 1048576K
Event: 0.529 GC heap after
Heap after GC invocations=1 (full 0):
 PSYoungGen      total 76288K, used 1264K [0x000000076b400000, 0x0000000770900000, 0x00000007c0000000)
  eden space 65536K, 0% used [0x000000076b400000,0x000000076b400000,0x000000076f400000)
  from space 10752K, 11% used [0x000000076f400000,0x000000076f53c020,0x000000076fe80000)
  to   space 10752K, 0% used [0x000000076fe80000,0x000000076fe80000,0x0000000770900000)
 ParOldGen       total 175104K, used 8K [0x00000006c1c00000, 0x00000006cc700000, 0x000000076b400000)
  object space 175104K, 0% used [0x00000006c1c00000,0x00000006c1c02000,0x00000006cc700000)
 Metaspace       used 7419K, capacity 7652K, committed 7680K, reserved 1060864K
  class space    used 917K, capacity 997K, committed 1024K, reserved 1048576K
}
Event: 0.529 GC heap before
{Heap before GC invocations=2 (full 1):
 PSYoungGen      total 76288K, used 1264K [0x000000076b400000, 0x0000000770900000, 0x00000007c0000000)
  eden space 65536K, 0% used [0x000000076b400000,0x000000076b400000,0x000000076f400000)
  from space 10752K, 11% used [0x000000076f400000,0x000000076f53c020,0x000000076fe80000)
  to   space 10752K, 0% used [0x000000076fe80000,0x000000076fe80000,0x0000000770900000)
 ParOldGen       total 175104K, used 8K [0x00000006c1c00000, 0x00000006cc700000, 0x000000076b400000)
  object space 175104K, 0% used [0x00000006c1c00000,0x00000006c1c02000,0x00000006cc700000)
 Metaspace       used 7419K, capacity 7652K, committed 7680K, reserved 1060864K
  class space    used 917K, capacity 997K, committed 1024K, reserved 1048576K
Event: 0.539 GC heap after
Heap after GC invocations=2 (full 1):
 PSYoungGen      total 76288K, used 0K [0x000000076b400000, 0x0000000770900000, 0x00000007c0000000)
  eden space 65536K, 0% used [0x000000076b400000,0x000000076b400000,0x000000076f400000)
  from space 10752K, 0% used [0x000000076f400000,0x000000076f400000,0x000000076fe80000)
  to   space 10752K, 0% used [0x000000076fe80000,0x000000076fe80000,0x0000000770900000)
 ParOldGen       total 122880K, used 1121K [0x00000006c1c00000, 0x00000006c9400000, 0x000000076b400000)
  object space 122880K, 0% used [0x00000006c1c00000,0x00000006c1d18438,0x00000006c9400000)
 Metaspace       used 7419K, capacity 7652K, committed 7680K, reserved 1058816K
  class space    used 917K, capacity 997K, committed 1024K, reserved 1048576K
}

